<?xml version="1.0" encoding="UTF-8"?>
<!-- Generated by org.testng.reporters.JUnitReportReporter -->
<testsuite hostname="Skillray" name="scripts.Addingproduct" tests="1" failures="0" timestamp="22 Mar 2020 00:48:56 GMT" time="38.007" errors="0">
  <testcase name="addtocart" time="38.007" classname="scripts.Addingproduct"/>
</testsuite> <!-- scripts.Addingproduct -->
